Anaconda3-2025.06-1-Linux-x86_64.sh
CascadiaCode-2407.24.zip
GVim-v9.1.1882.glibc2.34-x86_64.AppImage
JetBrainsMono-2.304.zip
Miniconda3-latest-Linux-x86_64.sh
Notable-1.8.4.AppImage
Obsidian-1.9.14.AppImage
RubyMine-2025.2.4.tar.gz
Vim-v9.1.1882.glibc2.34-x86_64.AppImage
WeChatLinux_x86_64.AppImage
WeChatLinux_x86_64.deb
WezTerm-20240203-110809-5046fc22-Ubuntu20.04.AppImage
Zettlr-3.6.0-amd64.deb
Zettlr-3.6.0-x86_64.AppImage
alacritty
android-studio-2025.1.4.8-linux.tar.gz
apache-groovy-sdk-5.0.2.zip
apache-maven-3.9.11-bin.tar.gz
cmake-4.1.2-linux-x86_64.sh
cmake-4.1.2-linux-x86_64.tar.gz
code_1.105.1-1760482543_amd64.deb
cs
deno-x86_64-unknown-linux-gnu.zip
eclipse-java-2025-09-R-linux-gtk-x86_64.tar.gz
edit-1.2.0-x86_64-linux-gnu.tar.zst
eudic.deb
fish-4.1.2-linux-x86_64.tar.xz
fish_4.1.2-1~plucky_amd64.deb
flutter_linux_3.35.7-stable.tar.xz
go1.25.3.linux-amd64.tar.gz
google-chrome-stable_current_amd64.deb
gradle-9.2.0-all.zip
gradle-9.2.0-bin.zip
gtypist-2.10.1.tar.xz
helix-25.07.1-x86_64-linux.tar.xz
helix_25.7.1-1_amd64.deb
jdk-21_linux-x64_bin.deb
jdk-25_linux-x64_bin.deb
jdt-language-server-1.51.0-202510022025.tar.gz
jetbrains
jetbrains-toolbox-3.0.1.59888.tar.gz
juliaup-1.18.8-x86_64-unknown-linux-musl.tar.gz
kitten-linux-amd64
kitty-0.43.1-x86_64.txz
lin-portacle.tar.xz
lua-5.4.2_Linux68_64_bin.tar.gz
lua-5.4.2_Linux68_64_lib.tar.gz
luarocks-3.12.2-linux-x86_64.zip
microsoft-edge-stable_141.0.3537.99-1_amd64.deb
nasm-3.01-xdoc.tar.xz
neovide-linux-x86_64.tar.gz
notable_1.8.4_amd64.deb
nu-0.108.0-x86_64-unknown-linux-gnu.tar.gz
nvim-linux-0.11-x86_64.tar.gz
nvim-linux-0.12-x86_64.tar.gz
oils-for-unix-0.36.0.tar.gz
procs-v0.14.10-x86_64-linux.zip
pwndbg-lldb_2025.10.20_amd64.deb
pwndbg_2025.10.20_amd64.deb
rioterm_0.2.33_amd64_wayland.deb
rush_linux_amd64.tar.gz
servo-x86_64-linux-gnu.tar.gz
swiftly-1.1.0-x86_64.tar.gz
tectonic-0.15.0-x86_64-unknown-linux-gnu.tar.gz
texlab-x86_64-linux.tar.gz
tinymist-x86_64-unknown-linux-gnu.tar.gz
typlite-x86_64-unknown-linux-gnu.tar.gz
typst-preview-linux-x64.vsix
typst-x86_64-unknown-linux-musl.tar.xz
vimcdoc-2.5.0.tar.gz
zig-x86_64-linux-0.15.2.tar.xz
zls-x86_64-linux-0.15.0.tar.xz
